This file contains any messages produced by compilers while
running configure, to aid debugging if configure makes a mistake.

It was created by mongo-c-driver configure 1.5.0-dev, which was
generated by GNU Autoconf 2.69.  Invocation command line was

  $ ./configure --with-libbson=bundled

## --------- ##
## Platform. ##
## --------- ##

hostname = aj1.laptop
uname -m = x86_64
uname -r = 4.4.14-200.fc22.x86_64
uname -s = Linux
uname -v = #1 SMP Fri Jun 24 21:19:33 UTC 2016

/usr/bin/uname -p = x86_64
/bin/uname -X     = unknown

/bin/arch              = x86_64
/usr/bin/arch -k       = unknown
/usr/convex/getsysinfo = unknown
/usr/bin/hostinfo      = unknown
/bin/machine           = unknown
/usr/bin/oslevel       = unknown
/bin/universe          = unknown

PATH: /usr/local/bin
PATH: /usr/local/sbin
PATH: /usr/bin
PATH: /usr/sbin
PATH: /bin
PATH: /sbin
PATH: /home/aj/.local/bin
PATH: /home/aj/bin


## ----------- ##
## Core tests. ##
## ----------- ##

configure:2564: Current version (from VERSION_CURRENT file): 1.5.0-dev
configure:2572: Most recent release (from VERSION_RELEASED file): 1.4.0
configure:2690: checking for gcc
configure:2706: found /usr/bin/gcc
configure:2717: result: gcc
configure:2946: checking for C compiler version
configure:2955: gcc --version >&5
gcc (GCC) 5.3.1 20160406 (Red Hat 5.3.1-6)
Copyright (C) 2015 Free Software Foundation, Inc.
This is free software; see the source for copying conditions.  There is NO
warranty; not even for MERCHANTABILITY or FITNESS FOR A PARTICULAR PURPOSE.

configure:2966: $? = 0
configure:2955: gcc -v >&5
Using built-in specs.
COLLECT_GCC=gcc
COLLECT_LTO_WRAPPER=/usr/libexec/gcc/x86_64-redhat-linux/5.3.1/lto-wrapper
Target: x86_64-redhat-linux
Configured with: ../configure --enable-bootstrap --enable-languages=c,c++,objc,obj-c++,fortran,ada,go,lto --prefix=/usr --mandir=/usr/share/man --infodir=/usr/share/info --with-bugurl=http://bugzilla.redhat.com/bugzilla --enable-shared --enable-threads=posix --enable-checking=release --enable-multilib --with-system-zlib --enable-__cxa_atexit --disable-libunwind-exceptions --enable-gnu-unique-object --enable-linker-build-id --with-linker-hash-style=gnu --enable-plugin --enable-initfini-array --disable-libgcj --with-default-libstdcxx-abi=gcc4-compatible --with-isl --enable-libmpx --enable-gnu-indirect-function --with-tune=generic --with-arch_32=i686 --build=x86_64-redhat-linux
Thread model: posix
gcc version 5.3.1 20160406 (Red Hat 5.3.1-6) (GCC) 
configure:2966: $? = 0
configure:2955: gcc -V >&5
gcc: error: unrecognized command line option '-V'
gcc: fatal error: no input files
compilation terminated.
configure:2966: $? = 1
configure:2955: gcc -qversion >&5
gcc: error: unrecognized command line option '-qversion'
gcc: fatal error: no input files
compilation terminated.
configure:2966: $? = 1
configure:2986: checking whether the C compiler works
configure:3008: gcc    conftest.c  >&5
configure:3012: $? = 0
configure:3060: result: yes
configure:3063: checking for C compiler default output file name
configure:3065: result: a.out
configure:3071: checking for suffix of executables
configure:3078: gcc -o conftest    conftest.c  >&5
configure:3082: $? = 0
configure:3104: result: 
configure:3126: checking whether we are cross compiling
configure:3134: gcc -o conftest    conftest.c  >&5
configure:3138: $? = 0
configure:3145: ./conftest
configure:3149: $? = 0
configure:3164: result: no
configure:3169: checking for suffix of object files
configure:3191: gcc -c   conftest.c >&5
configure:3195: $? = 0
configure:3216: result: o
configure:3220: checking whether we are using the GNU C compiler
configure:3239: gcc -c   conftest.c >&5
configure:3239: $? = 0
configure:3248: result: yes
configure:3257: checking whether gcc accepts -g
configure:3277: gcc -c -g  conftest.c >&5
configure:3277: $? = 0
configure:3318: result: yes
configure:3335: checking for gcc option to accept ISO C89
configure:3398: gcc  -c   conftest.c >&5
configure:3398: $? = 0
configure:3411: result: none needed
configure:3439: checking whether gcc understands -c and -o together
configure:3461: gcc -c conftest.c -o conftest2.o
configure:3464: $? = 0
configure:3461: gcc -c conftest.c -o conftest2.o
configure:3464: $? = 0
configure:3476: result: yes
configure:3551: checking for g++
configure:3567: found /usr/bin/g++
configure:3578: result: g++
configure:3605: checking for C++ compiler version
configure:3614: g++ --version >&5
g++ (GCC) 5.3.1 20160406 (Red Hat 5.3.1-6)
Copyright (C) 2015 Free Software Foundation, Inc.
This is free software; see the source for copying conditions.  There is NO
warranty; not even for MERCHANTABILITY or FITNESS FOR A PARTICULAR PURPOSE.

configure:3625: $? = 0
configure:3614: g++ -v >&5
Using built-in specs.
COLLECT_GCC=g++
COLLECT_LTO_WRAPPER=/usr/libexec/gcc/x86_64-redhat-linux/5.3.1/lto-wrapper
Target: x86_64-redhat-linux
Configured with: ../configure --enable-bootstrap --enable-languages=c,c++,objc,obj-c++,fortran,ada,go,lto --prefix=/usr --mandir=/usr/share/man --infodir=/usr/share/info --with-bugurl=http://bugzilla.redhat.com/bugzilla --enable-shared --enable-threads=posix --enable-checking=release --enable-multilib --with-system-zlib --enable-__cxa_atexit --disable-libunwind-exceptions --enable-gnu-unique-object --enable-linker-build-id --with-linker-hash-style=gnu --enable-plugin --enable-initfini-array --disable-libgcj --with-default-libstdcxx-abi=gcc4-compatible --with-isl --enable-libmpx --enable-gnu-indirect-function --with-tune=generic --with-arch_32=i686 --build=x86_64-redhat-linux
Thread model: posix
gcc version 5.3.1 20160406 (Red Hat 5.3.1-6) (GCC) 
configure:3625: $? = 0
configure:3614: g++ -V >&5
g++: error: unrecognized command line option '-V'
g++: fatal error: no input files
compilation terminated.
configure:3625: $? = 1
configure:3614: g++ -qversion >&5
g++: error: unrecognized command line option '-qversion'
g++: fatal error: no input files
compilation terminated.
configure:3625: $? = 1
configure:3629: checking whether we are using the GNU C++ compiler
configure:3648: g++ -c   conftest.cpp >&5
configure:3648: $? = 0
configure:3657: result: yes
configure:3666: checking whether g++ accepts -g
configure:3686: g++ -c -g  conftest.cpp >&5
configure:3686: $? = 0
configure:3727: result: yes
configure:3783: gcc -c   conftest.c >&5
configure:3783: $? = 0
configure:3807: gcc -c   conftest.c >&5
configure:3807: $? = 0
configure:3826: gcc -c   conftest.c >&5
conftest.c:11:2: error: #error Not a supported Sun compiler
 #error Not a supported Sun compiler
  ^
configure:3826: $? = 1
configure: failed program was:
| /* confdefs.h */
| #define PACKAGE_NAME "mongo-c-driver"
| #define PACKAGE_TARNAME "mongo-c-driver"
| #define PACKAGE_VERSION "1.5.0-dev"
| #define PACKAGE_STRING "mongo-c-driver 1.5.0-dev"
| #define PACKAGE_BUGREPORT "https://jira.mongodb.org/browse/CDRIVER"
| #define PACKAGE_URL ""
| /* end confdefs.h.  */
| 
| #if !(defined(__SUNPRO_C))
| #error Not a supported Sun compiler
| #endif
| 
| int
| main ()
| {
| 
|   ;
|   return 0;
| }
configure:3859: gcc -c   conftest.c >&5
configure:3859: $? = 0
configure:3867: checking for an ANSI C-conforming const
configure:3933: gcc -c   conftest.c >&5
configure:3933: $? = 0
configure:3940: result: yes
configure:3948: checking for inline
configure:3964: gcc -c   conftest.c >&5
configure:3964: $? = 0
configure:3972: result: inline
configure:3991: checking for typeof syntax and keyword spelling
configure:4022: gcc -c   conftest.c >&5
configure:4022: $? = 0
configure:4029: result: typeof
configure:4047: checking for perl
configure:4065: found /usr/bin/perl
configure:4077: result: /usr/bin/perl
configure:4091: checking for mv
configure:4109: found /usr/bin/mv
configure:4121: result: /usr/bin/mv
configure:4135: checking for grep
configure:4153: found /usr/bin/grep
configure:4165: result: /usr/bin/grep
configure:4182: checking how to run the C preprocessor
configure:4213: gcc -E  conftest.c
configure:4213: $? = 0
configure:4227: gcc -E  conftest.c
conftest.c:10:28: fatal error: ac_nonexistent.h: No such file or directory
compilation terminated.
configure:4227: $? = 1
configure: failed program was:
| /* confdefs.h */
| #define PACKAGE_NAME "mongo-c-driver"
| #define PACKAGE_TARNAME "mongo-c-driver"
| #define PACKAGE_VERSION "1.5.0-dev"
| #define PACKAGE_STRING "mongo-c-driver 1.5.0-dev"
| #define PACKAGE_BUGREPORT "https://jira.mongodb.org/browse/CDRIVER"
| #define PACKAGE_URL ""
| #define HAVE_TYPEOF 1
| /* end confdefs.h.  */
| #include <ac_nonexistent.h>
configure:4252: result: gcc -E
configure:4272: gcc -E  conftest.c
configure:4272: $? = 0
configure:4286: gcc -E  conftest.c
conftest.c:10:28: fatal error: ac_nonexistent.h: No such file or directory
compilation terminated.
configure:4286: $? = 1
configure: failed program was:
| /* confdefs.h */
| #define PACKAGE_NAME "mongo-c-driver"
| #define PACKAGE_TARNAME "mongo-c-driver"
| #define PACKAGE_VERSION "1.5.0-dev"
| #define PACKAGE_STRING "mongo-c-driver 1.5.0-dev"
| #define PACKAGE_BUGREPORT "https://jira.mongodb.org/browse/CDRIVER"
| #define PACKAGE_URL ""
| #define HAVE_TYPEOF 1
| /* end confdefs.h.  */
| #include <ac_nonexistent.h>
configure:4315: checking for grep that handles long lines and -e
configure:4373: result: /usr/bin/grep
configure:4378: checking for egrep
configure:4440: result: /usr/bin/grep -E
configure:4445: checking for ANSI C header files
configure:4465: gcc -c   conftest.c >&5
configure:4465: $? = 0
configure:4538: gcc -o conftest    conftest.c  >&5
configure:4538: $? = 0
configure:4538: ./conftest
configure:4538: $? = 0
configure:4549: result: yes
configure:4562: checking for sys/types.h
configure:4562: gcc -c   conftest.c >&5
configure:4562: $? = 0
configure:4562: result: yes
configure:4562: checking for sys/stat.h
configure:4562: gcc -c   conftest.c >&5
configure:4562: $? = 0
configure:4562: result: yes
configure:4562: checking for stdlib.h
configure:4562: gcc -c   conftest.c >&5
configure:4562: $? = 0
configure:4562: result: yes
configure:4562: checking for string.h
configure:4562: gcc -c   conftest.c >&5
configure:4562: $? = 0
configure:4562: result: yes
configure:4562: checking for memory.h
configure:4562: gcc -c   conftest.c >&5
configure:4562: $? = 0
configure:4562: result: yes
configure:4562: checking for strings.h
configure:4562: gcc -c   conftest.c >&5
configure:4562: $? = 0
configure:4562: result: yes
configure:4562: checking for inttypes.h
configure:4562: gcc -c   conftest.c >&5
configure:4562: $? = 0
configure:4562: result: yes
configure:4562: checking for stdint.h
configure:4562: gcc -c   conftest.c >&5
configure:4562: $? = 0
configure:4562: result: yes
configure:4562: checking for unistd.h
configure:4562: gcc -c   conftest.c >&5
configure:4562: $? = 0
configure:4562: result: yes
configure:4580: checking for strings.h
configure:4580: result: yes
configure:4598: checking for yelp-build
configure:4631: result: no
configure:4651: checking for a BSD-compatible install
configure:4719: result: /usr/bin/install -c
configure:4736: checking build system type
configure:4750: result: x86_64-unknown-linux-gnu
configure:4770: checking host system type
configure:4783: result: x86_64-unknown-linux-gnu
configure:4850: checking target system type
configure:4863: result: x86_64-unknown-linux-gnu
configure:5304: checking how to print strings
configure:5331: result: printf
configure:5352: checking for a sed that does not truncate output
configure:5416: result: /usr/bin/sed
configure:5434: checking for fgrep
configure:5496: result: /usr/bin/grep -F
configure:5531: checking for ld used by gcc
configure:5598: result: /usr/bin/ld
configure:5605: checking if the linker (/usr/bin/ld) is GNU ld
configure:5620: result: yes
configure:5632: checking for BSD- or MS-compatible name lister (nm)
configure:5681: result: /usr/bin/nm -B
configure:5811: checking the name lister (/usr/bin/nm -B) interface
configure:5818: gcc -c   conftest.c >&5
configure:5821: /usr/bin/nm -B "conftest.o"
configure:5824: output
0000000000000000 B some_variable
configure:5831: result: BSD nm
configure:5834: checking whether ln -s works
configure:5838: result: yes
configure:5846: checking the maximum length of command line arguments
configure:5976: result: 1572864
configure:5993: checking whether the shell understands some XSI constructs
configure:6003: result: yes
configure:6007: checking whether the shell understands "+="
configure:6013: result: yes
configure:6048: checking how to convert x86_64-unknown-linux-gnu file names to x86_64-unknown-linux-gnu format
configure:6088: result: func_convert_file_noop
configure:6095: checking how to convert x86_64-unknown-linux-gnu file names to toolchain format
configure:6115: result: func_convert_file_noop
configure:6122: checking for /usr/bin/ld option to reload object files
configure:6129: result: -r
configure:6203: checking for objdump
configure:6230: result: objdump
configure:6259: checking how to recognize dependent libraries
configure:6461: result: pass_all
configure:6546: checking for dlltool
configure:6573: result: dlltool
configure:6603: checking how to associate runtime and link libraries
configure:6630: result: printf %s\n
configure:6690: checking for ar
configure:6706: found /usr/bin/ar
configure:6717: result: ar
configure:6754: checking for archiver @FILE support
configure:6771: gcc -c   conftest.c >&5
configure:6771: $? = 0
configure:6774: ar cru libconftest.a @conftest.lst >&5
ar: `u' modifier ignored since `D' is the default (see `U')
configure:6777: $? = 0
configure:6782: ar cru libconftest.a @conftest.lst >&5
ar: `u' modifier ignored since `D' is the default (see `U')
ar: conftest.o: No such file or directory
configure:6785: $? = 1
configure:6797: result: @
configure:6855: checking for strip
configure:6871: found /usr/bin/strip
configure:6882: result: strip
configure:6954: checking for ranlib
configure:6970: found /usr/bin/ranlib
configure:6981: result: ranlib
configure:7058: checking for gawk
configure:7074: found /usr/bin/gawk
configure:7085: result: gawk
configure:7125: checking command to parse /usr/bin/nm -B output from gcc object
configure:7245: gcc -c   conftest.c >&5
configure:7248: $? = 0
configure:7252: /usr/bin/nm -B conftest.o \| sed -n -e 's/^.*[ ]\([ABCDGIRSTW][ABCDGIRSTW]*\)[ ][ ]*\([_A-Za-z][_A-Za-z0-9]*\)$/\1 \2 \2/p' | sed '/ __gnu_lto/d' \> conftest.nm
configure:7255: $? = 0
configure:7321: gcc -o conftest    conftest.c conftstm.o >&5
configure:7324: $? = 0
configure:7362: result: ok
configure:7399: checking for sysroot
configure:7429: result: no
configure:7506: gcc -c   conftest.c >&5
configure:7509: $? = 0
configure:7691: checking for mt
configure:7721: result: no
configure:7741: checking if : is a manifest tool
configure:7747: : '-?'
configure:7755: result: no
configure:8394: checking for dlfcn.h
configure:8394: gcc -c   conftest.c >&5
configure:8394: $? = 0
configure:8394: result: yes
configure:8579: checking for objdir
configure:8594: result: .libs
configure:8865: checking if gcc supports -fno-rtti -fno-exceptions
configure:8883: gcc -c   -fno-rtti -fno-exceptions conftest.c >&5
cc1: warning: command line option '-fno-rtti' is valid for C++/ObjC++ but not for C
configure:8887: $? = 0
configure:8900: result: no
configure:9227: checking for gcc option to produce PIC
configure:9234: result: -fPIC -DPIC
configure:9242: checking if gcc PIC flag -fPIC -DPIC works
configure:9260: gcc -c   -fPIC -DPIC -DPIC conftest.c >&5
configure:9264: $? = 0
configure:9277: result: yes
configure:9306: checking if gcc static flag -static works
configure:9334: result: no
configure:9349: checking if gcc supports -c -o file.o
configure:9370: gcc -c   -o out/conftest2.o conftest.c >&5
configure:9374: $? = 0
configure:9396: result: yes
configure:9404: checking if gcc supports -c -o file.o
configure:9451: result: yes
configure:9484: checking whether the gcc linker (/usr/bin/ld -m elf_x86_64) supports shared libraries
configure:10637: result: yes
configure:10674: checking whether -lc should be explicitly linked in
configure:10682: gcc -c   conftest.c >&5
configure:10685: $? = 0
configure:10700: gcc -shared  -fPIC -DPIC conftest.o  -v -Wl,-soname -Wl,conftest -o conftest 2\>\&1 \| /usr/bin/grep  -lc  \>/dev/null 2\>\&1
configure:10703: $? = 0
configure:10717: result: no
configure:10877: checking dynamic linker characteristics
configure:11388: gcc -o conftest    -Wl,-rpath -Wl,/foo conftest.c  >&5
configure:11388: $? = 0
configure:11614: result: GNU/Linux ld.so
configure:11721: checking how to hardcode library paths into programs
configure:11746: result: immediate
configure:12286: checking whether stripping libraries is possible
configure:12291: result: yes
configure:12326: checking if libtool supports shared libraries
configure:12328: result: yes
configure:12331: checking whether to build shared libraries
configure:12352: result: yes
configure:12355: checking whether to build static libraries
configure:12359: result: no
configure:12382: checking how to run the C++ preprocessor
configure:12409: g++ -E  conftest.cpp
configure:12409: $? = 0
configure:12423: g++ -E  conftest.cpp
conftest.cpp:23:28: fatal error: ac_nonexistent.h: No such file or directory
compilation terminated.
configure:12423: $? = 1
configure: failed program was:
| /* confdefs.h */
| #define PACKAGE_NAME "mongo-c-driver"
| #define PACKAGE_TARNAME "mongo-c-driver"
| #define PACKAGE_VERSION "1.5.0-dev"
| #define PACKAGE_STRING "mongo-c-driver 1.5.0-dev"
| #define PACKAGE_BUGREPORT "https://jira.mongodb.org/browse/CDRIVER"
| #define PACKAGE_URL ""
| #define HAVE_TYPEOF 1
| #define STDC_HEADERS 1
| #define HAVE_SYS_TYPES_H 1
| #define HAVE_SYS_STAT_H 1
| #define HAVE_STDLIB_H 1
| #define HAVE_STRING_H 1
| #define HAVE_MEMORY_H 1
| #define HAVE_STRINGS_H 1
| #define HAVE_INTTYPES_H 1
| #define HAVE_STDINT_H 1
| #define HAVE_UNISTD_H 1
| #define HAVE_STRINGS_H 1
| #define HAVE_DLFCN_H 1
| #define LT_OBJDIR ".libs/"
| /* end confdefs.h.  */
| #include <ac_nonexistent.h>
configure:12448: result: g++ -E
configure:12468: g++ -E  conftest.cpp
configure:12468: $? = 0
configure:12482: g++ -E  conftest.cpp
conftest.cpp:23:28: fatal error: ac_nonexistent.h: No such file or directory
compilation terminated.
configure:12482: $? = 1
configure: failed program was:
| /* confdefs.h */
| #define PACKAGE_NAME "mongo-c-driver"
| #define PACKAGE_TARNAME "mongo-c-driver"
| #define PACKAGE_VERSION "1.5.0-dev"
| #define PACKAGE_STRING "mongo-c-driver 1.5.0-dev"
| #define PACKAGE_BUGREPORT "https://jira.mongodb.org/browse/CDRIVER"
| #define PACKAGE_URL ""
| #define HAVE_TYPEOF 1
| #define STDC_HEADERS 1
| #define HAVE_SYS_TYPES_H 1
| #define HAVE_SYS_STAT_H 1
| #define HAVE_STDLIB_H 1
| #define HAVE_STRING_H 1
| #define HAVE_MEMORY_H 1
| #define HAVE_STRINGS_H 1
| #define HAVE_INTTYPES_H 1
| #define HAVE_STDINT_H 1
| #define HAVE_UNISTD_H 1
| #define HAVE_STRINGS_H 1
| #define HAVE_DLFCN_H 1
| #define LT_OBJDIR ".libs/"
| /* end confdefs.h.  */
| #include <ac_nonexistent.h>
configure:12651: checking for ld used by g++
configure:12718: result: /usr/bin/ld -m elf_x86_64
configure:12725: checking if the linker (/usr/bin/ld -m elf_x86_64) is GNU ld
configure:12740: result: yes
configure:12795: checking whether the g++ linker (/usr/bin/ld -m elf_x86_64) supports shared libraries
configure:13800: result: yes
configure:13836: g++ -c   conftest.cpp >&5
configure:13839: $? = 0
configure:14359: checking for g++ option to produce PIC
configure:14366: result: -fPIC -DPIC
configure:14374: checking if g++ PIC flag -fPIC -DPIC works
configure:14392: g++ -c   -fPIC -DPIC -DPIC conftest.cpp >&5
configure:14396: $? = 0
configure:14409: result: yes
configure:14432: checking if g++ static flag -static works
configure:14460: result: no
configure:14472: checking if g++ supports -c -o file.o
configure:14493: g++ -c   -o out/conftest2.o conftest.cpp >&5
configure:14497: $? = 0
configure:14519: result: yes
configure:14524: checking if g++ supports -c -o file.o
configure:14571: result: yes
configure:14601: checking whether the g++ linker (/usr/bin/ld -m elf_x86_64) supports shared libraries
configure:14637: result: yes
configure:14778: checking dynamic linker characteristics
configure:15449: result: GNU/Linux ld.so
configure:15502: checking how to hardcode library paths into programs
configure:15527: result: immediate
configure:15591: checking whether to do a debug build
configure:15600: result: no
configure:15603: checking whether to enable tracing
configure:15612: result: no
configure:15615: checking whether to automatic init and cleanup
configure:15624: result: yes
configure:15627: checking whether to enable optimized builds
configure:15642: result: yes
configure:15645: checking whether to enable shared memory performance counters
configure:15654: result: yes
configure:15657: checking whether to enable code coverage support
configure:15666: result: no
configure:15669: checking whether to enable debug symbols
configure:15690: result: no
configure:15828: checking for pkg-config
configure:15846: found /usr/bin/pkg-config
configure:15858: result: /usr/bin/pkg-config
configure:15883: checking pkg-config is at least version 0.9.0
configure:15886: result: yes
configure:15898: checking for SASL
configure:15905: $PKG_CONFIG --exists --print-errors "libsasl2"
Package libsasl2 was not found in the pkg-config search path.
Perhaps you should add the directory containing `libsasl2.pc'
to the PKG_CONFIG_PATH environment variable
No package 'libsasl2' found
configure:15908: $? = 1
configure:15922: $PKG_CONFIG --exists --print-errors "libsasl2"
Package libsasl2 was not found in the pkg-config search path.
Perhaps you should add the directory containing `libsasl2.pc'
to the PKG_CONFIG_PATH environment variable
No package 'libsasl2' found
configure:15925: $? = 1
configure:15939: result: no
No package 'libsasl2' found
configure:15958: checking for sasl_client_init in -lsasl2
configure:15983: gcc -o conftest    conftest.c -lsasl2   >&5
/usr/bin/ld: cannot find -lsasl2
collect2: error: ld returned 1 exit status
configure:15983: $? = 1
configure: failed program was:
| /* confdefs.h */
| #define PACKAGE_NAME "mongo-c-driver"
| #define PACKAGE_TARNAME "mongo-c-driver"
| #define PACKAGE_VERSION "1.5.0-dev"
| #define PACKAGE_STRING "mongo-c-driver 1.5.0-dev"
| #define PACKAGE_BUGREPORT "https://jira.mongodb.org/browse/CDRIVER"
| #define PACKAGE_URL ""
| #define HAVE_TYPEOF 1
| #define STDC_HEADERS 1
| #define HAVE_SYS_TYPES_H 1
| #define HAVE_SYS_STAT_H 1
| #define HAVE_STDLIB_H 1
| #define HAVE_STRING_H 1
| #define HAVE_MEMORY_H 1
| #define HAVE_STRINGS_H 1
| #define HAVE_INTTYPES_H 1
| #define HAVE_STDINT_H 1
| #define HAVE_UNISTD_H 1
| #define HAVE_STRINGS_H 1
| #define HAVE_DLFCN_H 1
| #define LT_OBJDIR ".libs/"
| /* end confdefs.h.  */
| 
| /* Override any GCC internal prototype to avoid an error.
|    Use char because int might match the return type of a GCC
|    builtin and then its argument prototype would still apply.  */
| #ifdef __cplusplus
| extern "C"
| #endif
| char sasl_client_init ();
| int
| main ()
| {
| return sasl_client_init ();
|   ;
|   return 0;
| }
configure:15992: result: no
configure:16000: checking for sasl_client_init in -lsasl
configure:16025: gcc -o conftest    conftest.c -lsasl   >&5
/usr/bin/ld: cannot find -lsasl
collect2: error: ld returned 1 exit status
configure:16025: $? = 1
configure: failed program was:
| /* confdefs.h */
| #define PACKAGE_NAME "mongo-c-driver"
| #define PACKAGE_TARNAME "mongo-c-driver"
| #define PACKAGE_VERSION "1.5.0-dev"
| #define PACKAGE_STRING "mongo-c-driver 1.5.0-dev"
| #define PACKAGE_BUGREPORT "https://jira.mongodb.org/browse/CDRIVER"
| #define PACKAGE_URL ""
| #define HAVE_TYPEOF 1
| #define STDC_HEADERS 1
| #define HAVE_SYS_TYPES_H 1
| #define HAVE_SYS_STAT_H 1
| #define HAVE_STDLIB_H 1
| #define HAVE_STRING_H 1
| #define HAVE_MEMORY_H 1
| #define HAVE_STRINGS_H 1
| #define HAVE_INTTYPES_H 1
| #define HAVE_STDINT_H 1
| #define HAVE_UNISTD_H 1
| #define HAVE_STRINGS_H 1
| #define HAVE_DLFCN_H 1
| #define LT_OBJDIR ".libs/"
| /* end confdefs.h.  */
| 
| /* Override any GCC internal prototype to avoid an error.
|    Use char because int might match the return type of a GCC
|    builtin and then its argument prototype would still apply.  */
| #ifdef __cplusplus
| extern "C"
| #endif
| char sasl_client_init ();
| int
| main ()
| {
| return sasl_client_init ();
|   ;
|   return 0;
| }
configure:16034: result: no
configure:16046: checking sasl/sasl.h usability
configure:16046: gcc -c   conftest.c >&5
conftest.c:56:23: fatal error: sasl/sasl.h: No such file or directory
compilation terminated.
configure:16046: $? = 1
configure: failed program was:
| /* confdefs.h */
| #define PACKAGE_NAME "mongo-c-driver"
| #define PACKAGE_TARNAME "mongo-c-driver"
| #define PACKAGE_VERSION "1.5.0-dev"
| #define PACKAGE_STRING "mongo-c-driver 1.5.0-dev"
| #define PACKAGE_BUGREPORT "https://jira.mongodb.org/browse/CDRIVER"
| #define PACKAGE_URL ""
| #define HAVE_TYPEOF 1
| #define STDC_HEADERS 1
| #define HAVE_SYS_TYPES_H 1
| #define HAVE_SYS_STAT_H 1
| #define HAVE_STDLIB_H 1
| #define HAVE_STRING_H 1
| #define HAVE_MEMORY_H 1
| #define HAVE_STRINGS_H 1
| #define HAVE_INTTYPES_H 1
| #define HAVE_STDINT_H 1
| #define HAVE_UNISTD_H 1
| #define HAVE_STRINGS_H 1
| #define HAVE_DLFCN_H 1
| #define LT_OBJDIR ".libs/"
| /* end confdefs.h.  */
| #include <stdio.h>
| #ifdef HAVE_SYS_TYPES_H
| # include <sys/types.h>
| #endif
| #ifdef HAVE_SYS_STAT_H
| # include <sys/stat.h>
| #endif
| #ifdef STDC_HEADERS
| # include <stdlib.h>
| # include <stddef.h>
| #else
| # ifdef HAVE_STDLIB_H
| #  include <stdlib.h>
| # endif
| #endif
| #ifdef HAVE_STRING_H
| # if !defined STDC_HEADERS && defined HAVE_MEMORY_H
| #  include <memory.h>
| # endif
| # include <string.h>
| #endif
| #ifdef HAVE_STRINGS_H
| # include <strings.h>
| #endif
| #ifdef HAVE_INTTYPES_H
| # include <inttypes.h>
| #endif
| #ifdef HAVE_STDINT_H
| # include <stdint.h>
| #endif
| #ifdef HAVE_UNISTD_H
| # include <unistd.h>
| #endif
| #include <sasl/sasl.h>
configure:16046: result: no
configure:16046: checking sasl/sasl.h presence
configure:16046: gcc -E  conftest.c
conftest.c:23:23: fatal error: sasl/sasl.h: No such file or directory
compilation terminated.
configure:16046: $? = 1
configure: failed program was:
| /* confdefs.h */
| #define PACKAGE_NAME "mongo-c-driver"
| #define PACKAGE_TARNAME "mongo-c-driver"
| #define PACKAGE_VERSION "1.5.0-dev"
| #define PACKAGE_STRING "mongo-c-driver 1.5.0-dev"
| #define PACKAGE_BUGREPORT "https://jira.mongodb.org/browse/CDRIVER"
| #define PACKAGE_URL ""
| #define HAVE_TYPEOF 1
| #define STDC_HEADERS 1
| #define HAVE_SYS_TYPES_H 1
| #define HAVE_SYS_STAT_H 1
| #define HAVE_STDLIB_H 1
| #define HAVE_STRING_H 1
| #define HAVE_MEMORY_H 1
| #define HAVE_STRINGS_H 1
| #define HAVE_INTTYPES_H 1
| #define HAVE_STDINT_H 1
| #define HAVE_UNISTD_H 1
| #define HAVE_STRINGS_H 1
| #define HAVE_DLFCN_H 1
| #define LT_OBJDIR ".libs/"
| /* end confdefs.h.  */
| #include <sasl/sasl.h>
configure:16046: result: no
configure:16046: checking for sasl/sasl.h
configure:16046: result: no
configure:16293: checking whether to enable crypto and TLS
configure:16302: result: auto
configure:16305: checking whether to use system crypto profile
configure:16314: result: no
configure:16323: checking for SSL
configure:16330: $PKG_CONFIG --exists --print-errors "openssl"
Package openssl was not found in the pkg-config search path.
Perhaps you should add the directory containing `openssl.pc'
to the PKG_CONFIG_PATH environment variable
No package 'openssl' found
configure:16333: $? = 1
configure:16347: $PKG_CONFIG --exists --print-errors "openssl"
Package openssl was not found in the pkg-config search path.
Perhaps you should add the directory containing `openssl.pc'
to the PKG_CONFIG_PATH environment variable
No package 'openssl' found
configure:16350: $? = 1
configure:16364: result: no
No package 'openssl' found
configure:16381: checking for SSL_library_init in -lssl
configure:16406: gcc -o conftest    conftest.c -lssl   >&5
/usr/bin/ld: cannot find -lssl
collect2: error: ld returned 1 exit status
configure:16406: $? = 1
configure: failed program was:
| /* confdefs.h */
| #define PACKAGE_NAME "mongo-c-driver"
| #define PACKAGE_TARNAME "mongo-c-driver"
| #define PACKAGE_VERSION "1.5.0-dev"
| #define PACKAGE_STRING "mongo-c-driver 1.5.0-dev"
| #define PACKAGE_BUGREPORT "https://jira.mongodb.org/browse/CDRIVER"
| #define PACKAGE_URL ""
| #define HAVE_TYPEOF 1
| #define STDC_HEADERS 1
| #define HAVE_SYS_TYPES_H 1
| #define HAVE_SYS_STAT_H 1
| #define HAVE_STDLIB_H 1
| #define HAVE_STRING_H 1
| #define HAVE_MEMORY_H 1
| #define HAVE_STRINGS_H 1
| #define HAVE_INTTYPES_H 1
| #define HAVE_STDINT_H 1
| #define HAVE_UNISTD_H 1
| #define HAVE_STRINGS_H 1
| #define HAVE_DLFCN_H 1
| #define LT_OBJDIR ".libs/"
| /* end confdefs.h.  */
| 
| /* Override any GCC internal prototype to avoid an error.
|    Use char because int might match the return type of a GCC
|    builtin and then its argument prototype would still apply.  */
| #ifdef __cplusplus
| extern "C"
| #endif
| char SSL_library_init ();
| int
| main ()
| {
| return SSL_library_init ();
|   ;
|   return 0;
| }
configure:16415: result: no
configure:16423: checking for EVP_DigestInit_ex in -lcrypto
configure:16448: gcc -o conftest    conftest.c -lcrypto   >&5
/usr/bin/ld: cannot find -lcrypto
collect2: error: ld returned 1 exit status
configure:16448: $? = 1
configure: failed program was:
| /* confdefs.h */
| #define PACKAGE_NAME "mongo-c-driver"
| #define PACKAGE_TARNAME "mongo-c-driver"
| #define PACKAGE_VERSION "1.5.0-dev"
| #define PACKAGE_STRING "mongo-c-driver 1.5.0-dev"
| #define PACKAGE_BUGREPORT "https://jira.mongodb.org/browse/CDRIVER"
| #define PACKAGE_URL ""
| #define HAVE_TYPEOF 1
| #define STDC_HEADERS 1
| #define HAVE_SYS_TYPES_H 1
| #define HAVE_SYS_STAT_H 1
| #define HAVE_STDLIB_H 1
| #define HAVE_STRING_H 1
| #define HAVE_MEMORY_H 1
| #define HAVE_STRINGS_H 1
| #define HAVE_INTTYPES_H 1
| #define HAVE_STDINT_H 1
| #define HAVE_UNISTD_H 1
| #define HAVE_STRINGS_H 1
| #define HAVE_DLFCN_H 1
| #define LT_OBJDIR ".libs/"
| /* end confdefs.h.  */
| 
| /* Override any GCC internal prototype to avoid an error.
|    Use char because int might match the return type of a GCC
|    builtin and then its argument prototype would still apply.  */
| #ifdef __cplusplus
| extern "C"
| #endif
| char EVP_DigestInit_ex ();
| int
| main ()
| {
| return EVP_DigestInit_ex ();
|   ;
|   return 0;
| }
configure:16457: result: no
configure:16470: WARNING: You must install the OpenSSL libraries and development headers to enable OpenSSL support.
configure:16678: checking which TLS library to use
configure:16680: result: no
configure:16935: checking for shm_open
configure:16935: gcc -o conftest    conftest.c  >&5
/tmp/ccy4GbaC.o: In function `main':
conftest.c:(.text+0xa): undefined reference to `shm_open'
collect2: error: ld returned 1 exit status
configure:16935: $? = 1
configure: failed program was:
| /* confdefs.h */
| #define PACKAGE_NAME "mongo-c-driver"
| #define PACKAGE_TARNAME "mongo-c-driver"
| #define PACKAGE_VERSION "1.5.0-dev"
| #define PACKAGE_STRING "mongo-c-driver 1.5.0-dev"
| #define PACKAGE_BUGREPORT "https://jira.mongodb.org/browse/CDRIVER"
| #define PACKAGE_URL ""
| #define HAVE_TYPEOF 1
| #define STDC_HEADERS 1
| #define HAVE_SYS_TYPES_H 1
| #define HAVE_SYS_STAT_H 1
| #define HAVE_STDLIB_H 1
| #define HAVE_STRING_H 1
| #define HAVE_MEMORY_H 1
| #define HAVE_STRINGS_H 1
| #define HAVE_INTTYPES_H 1
| #define HAVE_STDINT_H 1
| #define HAVE_UNISTD_H 1
| #define HAVE_STRINGS_H 1
| #define HAVE_DLFCN_H 1
| #define LT_OBJDIR ".libs/"
| /* end confdefs.h.  */
| /* Define shm_open to an innocuous variant, in case <limits.h> declares shm_open.
|    For example, HP-UX 11i <limits.h> declares gettimeofday.  */
| #define shm_open innocuous_shm_open
| 
| /* System header to define __stub macros and hopefully few prototypes,
|     which can conflict with char shm_open (); below.
|     Prefer <limits.h> to <assert.h> if __STDC__ is defined, since
|     <limits.h> exists even on freestanding compilers.  */
| 
| #ifdef __STDC__
| # include <limits.h>
| #else
| # include <assert.h>
| #endif
| 
| #undef shm_open
| 
| /* Override any GCC internal prototype to avoid an error.
|    Use char because int might match the return type of a GCC
|    builtin and then its argument prototype would still apply.  */
| #ifdef __cplusplus
| extern "C"
| #endif
| char shm_open ();
| /* The GNU C library defines this for functions which it implements
|     to always fail with ENOSYS.  Some functions are actually named
|     something starting with __ and the normal name is an alias.  */
| #if defined __stub_shm_open || defined __stub___shm_open
| choke me
| #endif
| 
| int
| main ()
| {
| return shm_open ();
|   ;
|   return 0;
| }
configure:16935: result: no
configure:16942: checking for shm_open in -lrt
configure:16967: gcc -o conftest    conftest.c -lrt   >&5
configure:16967: $? = 0
configure:16976: result: yes
configure:16992: checking for sched_getcpu
configure:16992: gcc -o conftest    conftest.c  >&5
configure:16992: $? = 0
configure:16992: result: yes
configure:17003: checking for library containing clock_gettime
configure:17034: gcc -o conftest    conftest.c  >&5
configure:17034: $? = 0
configure:17051: result: none required
configure:17187: checking if compiler needs -Werror to reject unknown flags
configure:17203: gcc -c  -Werror -Wunknown-warning-option -Wsizeof-array-argument  -DMONGOC_ENABLE_SHM_COUNTERS conftest.c >&5
gcc: error: unrecognized command line option '-Wunknown-warning-option'
configure:17203: $? = 1
configure: failed program was:
| /* confdefs.h */
| #define PACKAGE_NAME "mongo-c-driver"
| #define PACKAGE_TARNAME "mongo-c-driver"
| #define PACKAGE_VERSION "1.5.0-dev"
| #define PACKAGE_STRING "mongo-c-driver 1.5.0-dev"
| #define PACKAGE_BUGREPORT "https://jira.mongodb.org/browse/CDRIVER"
| #define PACKAGE_URL ""
| #define HAVE_TYPEOF 1
| #define STDC_HEADERS 1
| #define HAVE_SYS_TYPES_H 1
| #define HAVE_SYS_STAT_H 1
| #define HAVE_STDLIB_H 1
| #define HAVE_STRING_H 1
| #define HAVE_MEMORY_H 1
| #define HAVE_STRINGS_H 1
| #define HAVE_INTTYPES_H 1
| #define HAVE_STDINT_H 1
| #define HAVE_UNISTD_H 1
| #define HAVE_STRINGS_H 1
| #define HAVE_DLFCN_H 1
| #define LT_OBJDIR ".libs/"
| #define HAVE_SCHED_GETCPU 1
| #define HAVE_CLOCK_GETTIME 1
| /* end confdefs.h.  */
| int foo(void);
| int
| main ()
| {
| foo()
|   ;
|   return 0;
| }
configure:17208: result: no
configure:17274: checking for the pthreads library -lpthreads
configure:17312: gcc -o conftest     -DMONGOC_ENABLE_SHM_COUNTERS  conftest.c -lpthreads  >&5
/usr/bin/ld: cannot find -lpthreads
collect2: error: ld returned 1 exit status
configure:17312: $? = 1
configure: failed program was:
| /* confdefs.h */
| #define PACKAGE_NAME "mongo-c-driver"
| #define PACKAGE_TARNAME "mongo-c-driver"
| #define PACKAGE_VERSION "1.5.0-dev"
| #define PACKAGE_STRING "mongo-c-driver 1.5.0-dev"
| #define PACKAGE_BUGREPORT "https://jira.mongodb.org/browse/CDRIVER"
| #define PACKAGE_URL ""
| #define HAVE_TYPEOF 1
| #define STDC_HEADERS 1
| #define HAVE_SYS_TYPES_H 1
| #define HAVE_SYS_STAT_H 1
| #define HAVE_STDLIB_H 1
| #define HAVE_STRING_H 1
| #define HAVE_MEMORY_H 1
| #define HAVE_STRINGS_H 1
| #define HAVE_INTTYPES_H 1
| #define HAVE_STDINT_H 1
| #define HAVE_UNISTD_H 1
| #define HAVE_STRINGS_H 1
| #define HAVE_DLFCN_H 1
| #define LT_OBJDIR ".libs/"
| #define HAVE_SCHED_GETCPU 1
| #define HAVE_CLOCK_GETTIME 1
| /* end confdefs.h.  */
| #include <pthread.h>
|                         static void routine(void *a) { a = 0; }
|                         static void *start_routine(void *a) { return a; }
| int
| main ()
| {
| pthread_t th; pthread_attr_t attr;
|                         pthread_create(&th, 0, start_routine, 0);
|                         pthread_join(th, 0);
|                         pthread_attr_init(&attr);
|                         pthread_cleanup_push(routine, 0);
|                         pthread_cleanup_pop(0) /* ; */
|   ;
|   return 0;
| }
configure:17321: result: no
configure:17219: checking whether pthreads work without any flags
configure:17312: gcc -o conftest     -DMONGOC_ENABLE_SHM_COUNTERS  conftest.c   >&5
/tmp/ccsl2FDN.o: In function `main':
conftest.c:(.text+0x43): undefined reference to `pthread_create'
conftest.c:(.text+0x54): undefined reference to `pthread_join'
conftest.c:(.text+0xbc): undefined reference to `__pthread_register_cancel'
conftest.c:(.text+0xcb): undefined reference to `__pthread_unregister_cancel'
collect2: error: ld returned 1 exit status
configure:17312: $? = 1
configure: failed program was:
| /* confdefs.h */
| #define PACKAGE_NAME "mongo-c-driver"
| #define PACKAGE_TARNAME "mongo-c-driver"
| #define PACKAGE_VERSION "1.5.0-dev"
| #define PACKAGE_STRING "mongo-c-driver 1.5.0-dev"
| #define PACKAGE_BUGREPORT "https://jira.mongodb.org/browse/CDRIVER"
| #define PACKAGE_URL ""
| #define HAVE_TYPEOF 1
| #define STDC_HEADERS 1
| #define HAVE_SYS_TYPES_H 1
| #define HAVE_SYS_STAT_H 1
| #define HAVE_STDLIB_H 1
| #define HAVE_STRING_H 1
| #define HAVE_MEMORY_H 1
| #define HAVE_STRINGS_H 1
| #define HAVE_INTTYPES_H 1
| #define HAVE_STDINT_H 1
| #define HAVE_UNISTD_H 1
| #define HAVE_STRINGS_H 1
| #define HAVE_DLFCN_H 1
| #define LT_OBJDIR ".libs/"
| #define HAVE_SCHED_GETCPU 1
| #define HAVE_CLOCK_GETTIME 1
| /* end confdefs.h.  */
| #include <pthread.h>
|                         static void routine(void *a) { a = 0; }
|                         static void *start_routine(void *a) { return a; }
| int
| main ()
| {
| pthread_t th; pthread_attr_t attr;
|                         pthread_create(&th, 0, start_routine, 0);
|                         pthread_join(th, 0);
|                         pthread_attr_init(&attr);
|                         pthread_cleanup_push(routine, 0);
|                         pthread_cleanup_pop(0) /* ; */
|   ;
|   return 0;
| }
configure:17321: result: no
configure:17224: checking whether pthreads work with -Kthread
configure:17312: gcc -o conftest  -Kthread   -DMONGOC_ENABLE_SHM_COUNTERS  conftest.c   >&5
gcc: error: unrecognized command line option '-Kthread'
configure:17312: $? = 1
configure: failed program was:
| /* confdefs.h */
| #define PACKAGE_NAME "mongo-c-driver"
| #define PACKAGE_TARNAME "mongo-c-driver"
| #define PACKAGE_VERSION "1.5.0-dev"
| #define PACKAGE_STRING "mongo-c-driver 1.5.0-dev"
| #define PACKAGE_BUGREPORT "https://jira.mongodb.org/browse/CDRIVER"
| #define PACKAGE_URL ""
| #define HAVE_TYPEOF 1
| #define STDC_HEADERS 1
| #define HAVE_SYS_TYPES_H 1
| #define HAVE_SYS_STAT_H 1
| #define HAVE_STDLIB_H 1
| #define HAVE_STRING_H 1
| #define HAVE_MEMORY_H 1
| #define HAVE_STRINGS_H 1
| #define HAVE_INTTYPES_H 1
| #define HAVE_STDINT_H 1
| #define HAVE_UNISTD_H 1
| #define HAVE_STRINGS_H 1
| #define HAVE_DLFCN_H 1
| #define LT_OBJDIR ".libs/"
| #define HAVE_SCHED_GETCPU 1
| #define HAVE_CLOCK_GETTIME 1
| /* end confdefs.h.  */
| #include <pthread.h>
|                         static void routine(void *a) { a = 0; }
|                         static void *start_routine(void *a) { return a; }
| int
| main ()
| {
| pthread_t th; pthread_attr_t attr;
|                         pthread_create(&th, 0, start_routine, 0);
|                         pthread_join(th, 0);
|                         pthread_attr_init(&attr);
|                         pthread_cleanup_push(routine, 0);
|                         pthread_cleanup_pop(0) /* ; */
|   ;
|   return 0;
| }
configure:17321: result: no
configure:17224: checking whether pthreads work with -kthread
configure:17312: gcc -o conftest  -kthread   -DMONGOC_ENABLE_SHM_COUNTERS  conftest.c   >&5
gcc: error: unrecognized command line option '-kthread'
configure:17312: $? = 1
configure: failed program was:
| /* confdefs.h */
| #define PACKAGE_NAME "mongo-c-driver"
| #define PACKAGE_TARNAME "mongo-c-driver"
| #define PACKAGE_VERSION "1.5.0-dev"
| #define PACKAGE_STRING "mongo-c-driver 1.5.0-dev"
| #define PACKAGE_BUGREPORT "https://jira.mongodb.org/browse/CDRIVER"
| #define PACKAGE_URL ""
| #define HAVE_TYPEOF 1
| #define STDC_HEADERS 1
| #define HAVE_SYS_TYPES_H 1
| #define HAVE_SYS_STAT_H 1
| #define HAVE_STDLIB_H 1
| #define HAVE_STRING_H 1
| #define HAVE_MEMORY_H 1
| #define HAVE_STRINGS_H 1
| #define HAVE_INTTYPES_H 1
| #define HAVE_STDINT_H 1
| #define HAVE_UNISTD_H 1
| #define HAVE_STRINGS_H 1
| #define HAVE_DLFCN_H 1
| #define LT_OBJDIR ".libs/"
| #define HAVE_SCHED_GETCPU 1
| #define HAVE_CLOCK_GETTIME 1
| /* end confdefs.h.  */
| #include <pthread.h>
|                         static void routine(void *a) { a = 0; }
|                         static void *start_routine(void *a) { return a; }
| int
| main ()
| {
| pthread_t th; pthread_attr_t attr;
|                         pthread_create(&th, 0, start_routine, 0);
|                         pthread_join(th, 0);
|                         pthread_attr_init(&attr);
|                         pthread_cleanup_push(routine, 0);
|                         pthread_cleanup_pop(0) /* ; */
|   ;
|   return 0;
| }
configure:17321: result: no
configure:17274: checking for the pthreads library -llthread
configure:17312: gcc -o conftest     -DMONGOC_ENABLE_SHM_COUNTERS  conftest.c -llthread  >&5
/usr/bin/ld: cannot find -llthread
collect2: error: ld returned 1 exit status
configure:17312: $? = 1
configure: failed program was:
| /* confdefs.h */
| #define PACKAGE_NAME "mongo-c-driver"
| #define PACKAGE_TARNAME "mongo-c-driver"
| #define PACKAGE_VERSION "1.5.0-dev"
| #define PACKAGE_STRING "mongo-c-driver 1.5.0-dev"
| #define PACKAGE_BUGREPORT "https://jira.mongodb.org/browse/CDRIVER"
| #define PACKAGE_URL ""
| #define HAVE_TYPEOF 1
| #define STDC_HEADERS 1
| #define HAVE_SYS_TYPES_H 1
| #define HAVE_SYS_STAT_H 1
| #define HAVE_STDLIB_H 1
| #define HAVE_STRING_H 1
| #define HAVE_MEMORY_H 1
| #define HAVE_STRINGS_H 1
| #define HAVE_INTTYPES_H 1
| #define HAVE_STDINT_H 1
| #define HAVE_UNISTD_H 1
| #define HAVE_STRINGS_H 1
| #define HAVE_DLFCN_H 1
| #define LT_OBJDIR ".libs/"
| #define HAVE_SCHED_GETCPU 1
| #define HAVE_CLOCK_GETTIME 1
| /* end confdefs.h.  */
| #include <pthread.h>
|                         static void routine(void *a) { a = 0; }
|                         static void *start_routine(void *a) { return a; }
| int
| main ()
| {
| pthread_t th; pthread_attr_t attr;
|                         pthread_create(&th, 0, start_routine, 0);
|                         pthread_join(th, 0);
|                         pthread_attr_init(&attr);
|                         pthread_cleanup_push(routine, 0);
|                         pthread_cleanup_pop(0) /* ; */
|   ;
|   return 0;
| }
configure:17321: result: no
configure:17224: checking whether pthreads work with -pthread
configure:17312: gcc -o conftest  -pthread   -DMONGOC_ENABLE_SHM_COUNTERS  conftest.c   >&5
configure:17312: $? = 0
configure:17321: result: yes
configure:17340: checking for joinable pthread attribute
configure:17355: gcc -o conftest  -pthread  -DMONGOC_ENABLE_SHM_COUNTERS  conftest.c   >&5
configure:17355: $? = 0
configure:17361: result: PTHREAD_CREATE_JOINABLE
configure:17371: checking if more special flags are required for pthreads
configure:17386: result: no
configure:17392: checking for PTHREAD_PRIO_INHERIT
configure:17409: gcc -o conftest  -pthread  -DMONGOC_ENABLE_SHM_COUNTERS  conftest.c   >&5
configure:17409: $? = 0
configure:17418: result: yes
configure:18379: checking whether the linker accepts -Wl,-Bsymbolic
configure:18398: gcc -o conftest   -DMONGOC_ENABLE_SHM_COUNTERS  -Werror  -Wl,-Bsymbolic conftest.c  >&5
configure:18398: $? = 0
configure:18407: result: yes
configure:18447: checking if weak symbols are supported
configure:18464: gcc -o conftest  -O2  -DMONGOC_ENABLE_SHM_COUNTERS  conftest.c  >&5
configure:18464: $? = 0
configure:18465: result: yes
configure:18497: checking whether build environment is sane
configure:18552: result: yes
configure:18700: checking for a thread-safe mkdir -p
configure:18739: result: /usr/bin/mkdir -p
configure:18742: checking whether make sets $(MAKE)
configure:18764: result: yes
configure:18794: checking for style of include used by make
configure:18822: result: GNU
configure:18856: checking whether make supports nested variables
configure:18873: result: yes
configure:18962: checking whether UID '1000' is supported by ustar format
configure:18965: result: yes
configure:18972: checking whether GID '1000' is supported by ustar format
configure:18975: result: yes
configure:18983: checking how to create a ustar tar archive
configure:18994: tar --version
tar (GNU tar) 1.28
Copyright (C) 2014 Free Software Foundation, Inc.
License GPLv3+: GNU GPL version 3 or later <http://gnu.org/licenses/gpl.html>.
This is free software: you are free to change and redistribute it.
There is NO WARRANTY, to the extent permitted by law.

Written by John Gilmore and Jay Fenlason.
configure:18997: $? = 0
configure:19037: tardir=conftest.dir && eval tar --format=ustar -chf - "$tardir" >conftest.tar
configure:19040: $? = 0
configure:19044: tar -xf - <conftest.tar
configure:19047: $? = 0
configure:19049: cat conftest.dir/file
GrepMe
configure:19052: $? = 0
configure:19065: result: gnutar
configure:19074: checking dependency style of gcc
configure:19185: result: gcc3
configure:19202: checking dependency style of g++
configure:19313: result: gcc3
configure:19372: checking whether to enable maintainer-specific portions of Makefiles
configure:19381: result: yes
configure:19405: checking whether make supports nested variables
configure:19422: result: yes
configure:19979: checking that generated files are newer than configure
configure:19985: result: done
configure:20088: creating ./config.status

## ---------------------- ##
## Running config.status. ##
## ---------------------- ##

This file was extended by mongo-c-driver config.status 1.5.0-dev, which was
generated by GNU Autoconf 2.69.  Invocation command line was

  CONFIG_FILES    = 
  CONFIG_HEADERS  = 
  CONFIG_LINKS    = 
  CONFIG_COMMANDS = 
  $ ./config.status 

on aj1.laptop

config.status:1194: creating Makefile
config.status:1194: creating build/version
config.status:1194: creating src/libmongoc-1.0.pc
config.status:1194: creating src/libmongoc-ssl-1.0.pc
config.status:1194: creating src/mongoc/mongoc-config.h
config.status:1194: creating src/mongoc/mongoc-version.h
config.status:1194: creating doc/mongoc_installing.page
config.status:1194: creating doc/mongoc_version.page
config.status:1366: executing libtool commands
config.status:1366: executing depfiles commands
configure:22468: === configuring in src/libbson (/home/aj/code/c++/IM/mongo-c-driver/src/libbson)
configure:22531: running /bin/sh ./configure --disable-option-checking '--prefix=/usr/local'  '--with-libbson=bundled' --cache-file=/dev/null --srcdir=.

## ---------------- ##
## Cache variables. ##
## ---------------- ##

ac_cv_build=x86_64-unknown-linux-gnu
ac_cv_c_compiler_gnu=yes
ac_cv_c_const=yes
ac_cv_c_inline=inline
ac_cv_c_typeof=typeof
ac_cv_cxx_compiler_gnu=yes
ac_cv_env_BSON_CFLAGS_set=
ac_cv_env_BSON_CFLAGS_value=
ac_cv_env_BSON_LIBS_set=
ac_cv_env_BSON_LIBS_value=
ac_cv_env_CCC_set=
ac_cv_env_CCC_value=
ac_cv_env_CC_set=
ac_cv_env_CC_value=
ac_cv_env_CFLAGS_set=
ac_cv_env_CFLAGS_value=
ac_cv_env_CPPFLAGS_set=
ac_cv_env_CPPFLAGS_value=
ac_cv_env_CPP_set=
ac_cv_env_CPP_value=
ac_cv_env_CXXCPP_set=
ac_cv_env_CXXCPP_value=
ac_cv_env_CXXFLAGS_set=
ac_cv_env_CXXFLAGS_value=
ac_cv_env_CXX_set=
ac_cv_env_CXX_value=
ac_cv_env_LDFLAGS_set=
ac_cv_env_LDFLAGS_value=
ac_cv_env_LIBS_set=
ac_cv_env_LIBS_value=
ac_cv_env_PKG_CONFIG_LIBDIR_set=
ac_cv_env_PKG_CONFIG_LIBDIR_value=
ac_cv_env_PKG_CONFIG_PATH_set=
ac_cv_env_PKG_CONFIG_PATH_value=
ac_cv_env_PKG_CONFIG_set=
ac_cv_env_PKG_CONFIG_value=
ac_cv_env_SASL_CFLAGS_set=
ac_cv_env_SASL_CFLAGS_value=
ac_cv_env_SASL_LIBS_set=
ac_cv_env_SASL_LIBS_value=
ac_cv_env_SSL_CFLAGS_set=
ac_cv_env_SSL_CFLAGS_value=
ac_cv_env_SSL_LIBS_set=
ac_cv_env_SSL_LIBS_value=
ac_cv_env_build_alias_set=
ac_cv_env_build_alias_value=
ac_cv_env_host_alias_set=
ac_cv_env_host_alias_value=
ac_cv_env_target_alias_set=
ac_cv_env_target_alias_value=
ac_cv_func_sched_getcpu=yes
ac_cv_func_shm_open=no
ac_cv_header_dlfcn_h=yes
ac_cv_header_inttypes_h=yes
ac_cv_header_memory_h=yes
ac_cv_header_sasl_sasl_h=no
ac_cv_header_stdc=yes
ac_cv_header_stdint_h=yes
ac_cv_header_stdlib_h=yes
ac_cv_header_string_h=yes
ac_cv_header_strings_h=yes
ac_cv_header_sys_stat_h=yes
ac_cv_header_sys_types_h=yes
ac_cv_header_unistd_h=yes
ac_cv_host=x86_64-unknown-linux-gnu
ac_cv_lib_crypto_EVP_DigestInit_ex=no
ac_cv_lib_rt_shm_open=yes
ac_cv_lib_sasl2_sasl_client_init=no
ac_cv_lib_sasl_sasl_client_init=no
ac_cv_lib_ssl_SSL_library_init=no
ac_cv_objext=o
ac_cv_path_EGREP='/usr/bin/grep -E'
ac_cv_path_FGREP='/usr/bin/grep -F'
ac_cv_path_GREP=/usr/bin/grep
ac_cv_path_MV=/usr/bin/mv
ac_cv_path_PERL=/usr/bin/perl
ac_cv_path_SED=/usr/bin/sed
ac_cv_path_ac_pt_PKG_CONFIG=/usr/bin/pkg-config
ac_cv_path_install='/usr/bin/install -c'
ac_cv_path_mkdir=/usr/bin/mkdir
ac_cv_prog_AWK=gawk
ac_cv_prog_CPP='gcc -E'
ac_cv_prog_CXXCPP='g++ -E'
ac_cv_prog_ac_ct_AR=ar
ac_cv_prog_ac_ct_CC=gcc
ac_cv_prog_ac_ct_CXX=g++
ac_cv_prog_ac_ct_DLLTOOL=dlltool
ac_cv_prog_ac_ct_OBJDUMP=objdump
ac_cv_prog_ac_ct_RANLIB=ranlib
ac_cv_prog_ac_ct_STRIP=strip
ac_cv_prog_cc_c89=
ac_cv_prog_cc_g=yes
ac_cv_prog_cxx_g=yes
ac_cv_prog_make_make_set=yes
ac_cv_search_clock_gettime='none required'
ac_cv_target=x86_64-unknown-linux-gnu
am_cv_CC_dependencies_compiler_type=gcc3
am_cv_CXX_dependencies_compiler_type=gcc3
am_cv_make_support_nested_variables=yes
am_cv_prog_cc_c_o=yes
am_cv_prog_tar_ustar=gnutar
ax_cv_PTHREAD_PRIO_INHERIT=yes
ax_cv_check_ldflags__Werror___Wl__Bsymbolic=yes
lt_cv_ar_at_file=@
lt_cv_archive_cmds_need_lc=no
lt_cv_deplibs_check_method=pass_all
lt_cv_file_magic_cmd='$MAGIC_CMD'
lt_cv_file_magic_test_file=
lt_cv_ld_reload_flag=-r
lt_cv_nm_interface='BSD nm'
lt_cv_objdir=.libs
lt_cv_path_LD=/usr/bin/ld
lt_cv_path_LDCXX='/usr/bin/ld -m elf_x86_64'
lt_cv_path_NM='/usr/bin/nm -B'
lt_cv_path_mainfest_tool=no
lt_cv_prog_compiler_c_o=yes
lt_cv_prog_compiler_c_o_CXX=yes
lt_cv_prog_compiler_pic='-fPIC -DPIC'
lt_cv_prog_compiler_pic_CXX='-fPIC -DPIC'
lt_cv_prog_compiler_pic_works=yes
lt_cv_prog_compiler_pic_works_CXX=yes
lt_cv_prog_compiler_rtti_exceptions=no
lt_cv_prog_compiler_static_works=no
lt_cv_prog_compiler_static_works_CXX=no
lt_cv_prog_gnu_ld=yes
lt_cv_prog_gnu_ldcxx=yes
lt_cv_sharedlib_from_linklib_cmd='printf %s\n'
lt_cv_shlibpath_overrides_runpath=no
lt_cv_sys_global_symbol_pipe='sed -n -e '\''s/^.*[	 ]\([ABCDGIRSTW][ABCDGIRSTW]*\)[	 ][	 ]*\([_A-Za-z][_A-Za-z0-9]*\)$/\1 \2 \2/p'\'' | sed '\''/ __gnu_lto/d'\'''
lt_cv_sys_global_symbol_to_c_name_address='sed -n -e '\''s/^: \([^ ]*\)[ ]*$/  {\"\1\", (void *) 0},/p'\'' -e '\''s/^[ABCDGIRSTW]* \([^ ]*\) \([^ ]*\)$/  {"\2", (void *) \&\2},/p'\'''
lt_cv_sys_global_symbol_to_c_name_address_lib_prefix='sed -n -e '\''s/^: \([^ ]*\)[ ]*$/  {\"\1\", (void *) 0},/p'\'' -e '\''s/^[ABCDGIRSTW]* \([^ ]*\) \(lib[^ ]*\)$/  {"\2", (void *) \&\2},/p'\'' -e '\''s/^[ABCDGIRSTW]* \([^ ]*\) \([^ ]*\)$/  {"lib\2", (void *) \&\2},/p'\'''
lt_cv_sys_global_symbol_to_cdecl='sed -n -e '\''s/^T .* \(.*\)$/extern int \1();/p'\'' -e '\''s/^[ABCDGIRSTW]* .* \(.*\)$/extern char \1;/p'\'''
lt_cv_sys_max_cmd_len=1572864
lt_cv_to_host_file_cmd=func_convert_file_noop
lt_cv_to_tool_file_cmd=func_convert_file_noop

## ----------------- ##
## Output variables. ##
## ----------------- ##

ACLOCAL='${SHELL} /home/aj/code/c++/IM/mongo-c-driver/build/autotools/missing aclocal-1.15'
ACLOCAL_AMFLAGS='-I build/autotools'
AMDEPBACKSLASH='\'
AMDEP_FALSE='#'
AMDEP_TRUE=''
AMTAR='$${TAR-tar}'
AM_BACKSLASH='\'
AM_DEFAULT_V='$(AM_DEFAULT_VERBOSITY)'
AM_DEFAULT_VERBOSITY='0'
AM_V='$(V)'
AR='ar'
AS='as'
AUTOCONF='${SHELL} /home/aj/code/c++/IM/mongo-c-driver/build/autotools/missing autoconf'
AUTOHEADER='${SHELL} /home/aj/code/c++/IM/mongo-c-driver/build/autotools/missing autoheader'
AUTOMAKE='${SHELL} /home/aj/code/c++/IM/mongo-c-driver/build/autotools/missing automake-1.15'
AWK='gawk'
BSON_CFLAGS='-I./src/libbson/src/bson -Isrc/libbson/src/bson'
BSON_LIBS='src/libbson/libbson-1.0.la'
BSON_OS='1'
CC='gcc'
CCDEPMODE='depmode=gcc3'
CFLAGS=' -O2'
COMPILER_CLANG_FALSE=''
COMPILER_CLANG_TRUE='#'
COMPILER_GCC_FALSE=''
COMPILER_GCC_TRUE='#'
COVERAGE_CFLAGS=''
COVERAGE_LDFLAGS=''
CPP='gcc -E'
CPPFLAGS=' -DMONGOC_ENABLE_SHM_COUNTERS'
CXX='g++'
CXXCPP='g++ -E'
CXXDEPMODE='depmode=gcc3'
CXXFLAGS=''
CYGPATH_W='echo'
DEFS='-DPACKAGE_NAME=\"mongo-c-driver\" -DPACKAGE_TARNAME=\"mongo-c-driver\" -DPACKAGE_VERSION=\"1.5.0-dev\" -DPACKAGE_STRING=\"mongo-c-driver\ 1.5.0-dev\" -DPACKAGE_BUGREPORT=\"https://jira.mongodb.org/browse/CDRIVER\" -DPACKAGE_URL=\"\" -DHAVE_TYPEOF=1 -DSTDC_HEADERS=1 -DHAVE_SYS_TYPES_H=1 -DHAVE_SYS_STAT_H=1 -DHAVE_STDLIB_H=1 -DHAVE_STRING_H=1 -DHAVE_MEMORY_H=1 -DHAVE_STRINGS_H=1 -DHAVE_INTTYPES_H=1 -DHAVE_STDINT_H=1 -DHAVE_UNISTD_H=1 -DHAVE_STRINGS_H=1 -DHAVE_DLFCN_H=1 -DLT_OBJDIR=\".libs/\" -DHAVE_SCHED_GETCPU=1 -DHAVE_CLOCK_GETTIME=1 -DHAVE_PTHREAD_PRIO_INHERIT=1 -DHAVE_PTHREAD=1 -DPACKAGE=\"mongo-c-driver\" -DVERSION=\"1.5.0-dev\"'
DEPDIR='.deps'
DLLTOOL='dlltool'
DSYMUTIL=''
DUMPBIN=''
ECHO_C=''
ECHO_N='-n'
ECHO_T=''
EGREP='/usr/bin/grep -E'
ENABLE_CRYPTO_CNG_FALSE=''
ENABLE_CRYPTO_CNG_TRUE='#'
ENABLE_CRYPTO_COMMON_CRYPTO_FALSE=''
ENABLE_CRYPTO_COMMON_CRYPTO_TRUE='#'
ENABLE_CRYPTO_FALSE=''
ENABLE_CRYPTO_LIBCRYPTO_FALSE=''
ENABLE_CRYPTO_LIBCRYPTO_TRUE='#'
ENABLE_CRYPTO_TRUE='#'
ENABLE_DEBUG_FALSE=''
ENABLE_DEBUG_TRUE='#'
ENABLE_EXAMPLES_FALSE='#'
ENABLE_EXAMPLES_TRUE=''
ENABLE_HTML_DOCS_FALSE=''
ENABLE_HTML_DOCS_TRUE='#'
ENABLE_LIBBSON_FALSE='#'
ENABLE_LIBBSON_TRUE=''
ENABLE_MAN_PAGES_FALSE=''
ENABLE_MAN_PAGES_TRUE='#'
ENABLE_PTHREADS_FALSE=''
ENABLE_PTHREADS_TRUE='#'
ENABLE_SASL_FALSE=''
ENABLE_SASL_TRUE='#'
ENABLE_SSL_FALSE=''
ENABLE_SSL_LIBRESSL_FALSE=''
ENABLE_SSL_LIBRESSL_TRUE='#'
ENABLE_SSL_OPENSSL_FALSE=''
ENABLE_SSL_OPENSSL_TRUE='#'
ENABLE_SSL_SECURE_CHANNEL_FALSE=''
ENABLE_SSL_SECURE_CHANNEL_TRUE='#'
ENABLE_SSL_SECURE_TRANSPORT_FALSE=''
ENABLE_SSL_SECURE_TRANSPORT_TRUE='#'
ENABLE_SSL_TRUE='#'
ENABLE_STDBOOL_FALSE=''
ENABLE_STDBOOL_TRUE='#'
ENABLE_TESTS_FALSE='#'
ENABLE_TESTS_TRUE=''
EXEEXT=''
EXPLICIT_LIBS_FALSE='#'
EXPLICIT_LIBS_TRUE=''
FGREP='/usr/bin/grep -F'
GREP='/usr/bin/grep'
INSTALL_DATA='${INSTALL} -m 644'
INSTALL_PROGRAM='${INSTALL}'
INSTALL_SCRIPT='${INSTALL}'
INSTALL_STRIP_PROGRAM='$(install_sh) -c -s'
LD='/usr/bin/ld -m elf_x86_64'
LDFLAGS=''
LIBC_FEATURES='-D_GNU_SOURCE'
LIBOBJS=''
LIBS=''
LIBTOOL='$(SHELL) $(top_builddir)/libtool'
LIPO=''
LN_S='ln -s'
LTLIBOBJS=''
MAINT=''
MAINTAINER_MODE_FALSE='#'
MAINTAINER_MODE_TRUE=''
MAKEINFO='${SHELL} /home/aj/code/c++/IM/mongo-c-driver/build/autotools/missing makeinfo'
MANIFEST_TOOL=':'
MKDIR_P='/usr/bin/mkdir -p'
MONGOC_API_VERSION='1.0'
MONGOC_CC='gcc'
MONGOC_ENABLE_CRYPTO='0'
MONGOC_ENABLE_CRYPTO_CNG='0'
MONGOC_ENABLE_CRYPTO_COMMON_CRYPTO='0'
MONGOC_ENABLE_CRYPTO_LIBCRYPTO='0'
MONGOC_ENABLE_CRYPTO_SYSTEM_PROFILE='0'
MONGOC_ENABLE_SASL='0'
MONGOC_ENABLE_SSL='0'
MONGOC_ENABLE_SSL_LIBRESSL='0'
MONGOC_ENABLE_SSL_OPENSSL='0'
MONGOC_ENABLE_SSL_SECURE_CHANNEL='0'
MONGOC_ENABLE_SSL_SECURE_TRANSPORT='0'
MONGOC_HAVE_SASL_CLIENT_DONE='0'
MONGOC_HAVE_WEAK_SYMBOLS='1'
MONGOC_MAJOR_VERSION='1'
MONGOC_MICRO_VERSION='0'
MONGOC_MINOR_VERSION='5'
MONGOC_NO_AUTOMATIC_GLOBALS='0'
MONGOC_PRERELEASE_VERSION='dev'
MONGOC_RELEASED_MAJOR_VERSION='1'
MONGOC_RELEASED_MICRO_VERSION='0'
MONGOC_RELEASED_MINOR_VERSION='4'
MONGOC_RELEASED_PRERELEASE_VERSION=''
MONGOC_RELEASED_VERSION='1.4.0'
MONGOC_USER_SET_CFLAGS=''
MONGOC_USER_SET_LDFLAGS=''
MONGOC_VERSION='1.5.0-dev'
MV='/usr/bin/mv'
NM='/usr/bin/nm -B'
NMEDIT=''
OBJDUMP='objdump'
OBJEXT='o'
OPTIMIZE_CFLAGS=''
OPTIMIZE_LDFLAGS=' -Wl,-Bsymbolic'
OS_DARWIN_FALSE=''
OS_DARWIN_TRUE='#'
OS_FREEBSD_FALSE=''
OS_FREEBSD_TRUE='#'
OS_GNU_FALSE='#'
OS_GNU_TRUE=''
OS_LINUX_FALSE='#'
OS_LINUX_TRUE=''
OS_SOLARIS_FALSE=''
OS_SOLARIS_TRUE='#'
OS_UNIX_FALSE='#'
OS_UNIX_TRUE=''
OS_WIN32_FALSE=''
OS_WIN32_TRUE='#'
OTOOL64=''
OTOOL=''
PACKAGE='mongo-c-driver'
PACKAGE_BUGREPORT='https://jira.mongodb.org/browse/CDRIVER'
PACKAGE_NAME='mongo-c-driver'
PACKAGE_STRING='mongo-c-driver 1.5.0-dev'
PACKAGE_TARNAME='mongo-c-driver'
PACKAGE_URL=''
PACKAGE_VERSION='1.5.0-dev'
PATH_SEPARATOR=':'
PERL='/usr/bin/perl'
PKG_CONFIG='/usr/bin/pkg-config'
PKG_CONFIG_LIBDIR=''
PKG_CONFIG_PATH=''
PTHREAD_CC='gcc'
PTHREAD_CFLAGS='-pthread'
PTHREAD_LIBS=''
RANLIB='ranlib'
SASL_CFLAGS=''
SASL_LIBS=''
SED='/usr/bin/sed'
SET_MAKE=''
SHELL='/bin/sh'
SHM_LIB='-lrt'
SSL_CFLAGS=''
SSL_LIBS=''
STRIP='strip'
VERSION='1.5.0-dev'
WITH_LIBBSON_FALSE='#'
WITH_LIBBSON_TRUE=''
YELP_BUILD=''
ac_ct_AR='ar'
ac_ct_CC='gcc'
ac_ct_CXX='g++'
ac_ct_DUMPBIN=''
am__EXEEXT_FALSE=''
am__EXEEXT_TRUE='#'
am__fastdepCC_FALSE='#'
am__fastdepCC_TRUE=''
am__fastdepCXX_FALSE='#'
am__fastdepCXX_TRUE=''
am__include='include'
am__isrc=''
am__leading_dot='.'
am__nodep='_no'
am__quote=''
am__tar='tar --format=ustar -chf - "$$tardir"'
am__untar='tar -xf -'
ax_pthread_config=''
bindir='${exec_prefix}/bin'
build='x86_64-unknown-linux-gnu'
build_alias=''
build_cpu='x86_64'
build_os='linux-gnu'
build_vendor='unknown'
datadir='${datarootdir}'
datarootdir='${prefix}/share'
docdir='${datarootdir}/doc/${PACKAGE_TARNAME}'
dvidir='${docdir}'
exec_prefix='${prefix}'
host='x86_64-unknown-linux-gnu'
host_alias=''
host_cpu='x86_64'
host_os='linux-gnu'
host_vendor='unknown'
htmldir='${docdir}'
includedir='${prefix}/include'
infodir='${datarootdir}/info'
install_sh='${SHELL} /home/aj/code/c++/IM/mongo-c-driver/build/autotools/install-sh'
libdir='${exec_prefix}/lib'
libexecdir='${exec_prefix}/libexec'
localedir='${datarootdir}/locale'
localstatedir='${prefix}/var'
mandir='${datarootdir}/man'
mkdir_p='$(MKDIR_P)'
oldincludedir='/usr/include'
pdfdir='${docdir}'
prefix='/usr/local'
program_transform_name='s,x,x,'
psdir='${docdir}'
sbindir='${exec_prefix}/sbin'
sharedstatedir='${prefix}/com'
subdirs=' src/libbson'
sysconfdir='${prefix}/etc'
target='x86_64-unknown-linux-gnu'
target_alias=''
target_cpu='x86_64'
target_os='linux-gnu'
target_vendor='unknown'

## ----------- ##
## confdefs.h. ##
## ----------- ##

/* confdefs.h */
#define PACKAGE_NAME "mongo-c-driver"
#define PACKAGE_TARNAME "mongo-c-driver"
#define PACKAGE_VERSION "1.5.0-dev"
#define PACKAGE_STRING "mongo-c-driver 1.5.0-dev"
#define PACKAGE_BUGREPORT "https://jira.mongodb.org/browse/CDRIVER"
#define PACKAGE_URL ""
#define HAVE_TYPEOF 1
#define STDC_HEADERS 1
#define HAVE_SYS_TYPES_H 1
#define HAVE_SYS_STAT_H 1
#define HAVE_STDLIB_H 1
#define HAVE_STRING_H 1
#define HAVE_MEMORY_H 1
#define HAVE_STRINGS_H 1
#define HAVE_INTTYPES_H 1
#define HAVE_STDINT_H 1
#define HAVE_UNISTD_H 1
#define HAVE_STRINGS_H 1
#define HAVE_DLFCN_H 1
#define LT_OBJDIR ".libs/"
#define HAVE_SCHED_GETCPU 1
#define HAVE_CLOCK_GETTIME 1
#define HAVE_PTHREAD_PRIO_INHERIT 1
#define HAVE_PTHREAD 1
#define PACKAGE "mongo-c-driver"
#define VERSION "1.5.0-dev"

configure: exit 0
